
--- NEW SESSION: 08/07/2021 16:51:52 ---
//OmegaDevice.orientationBase = -0.09 0 0 1
//OmegaDevice.orientationTool = 0.4 0 0 1
//OmegaDevice.positionBase = 0.01 0 0
//OmegaDevice.angle = 0.2 0 0 0 0 0
//OmegaDevice.positionDevice = 0.203735 0.658607 0.123324 -0.27 0.19 0.12 1.1
//OmegaDevice.button1 = 0

--- NEW SESSION: 08/07/2021 16:57:33 ---
//OmegaDevice.positionDevice = -0.25626 -0.0013772 -0.0666645 0 0 0 1

--- NEW SESSION: 08/07/2021 17:56:21 ---
//OmegaDevice.positionDevice = 1.37374 -0.151383 -0.06667 0 0 0 1

--- NEW SESSION: 08/07/2021 20:20:05 ---
//OmegaDevice.positionBase = 0 0 0
//OmegaDevice.orientationTool = 0 0 0 1
//OmegaDevice.orientationBase = 0 0 0 1
//OmegaDevice.positionDevice = -0.00274293 -0.133412 0.0273813 0 0 0 1
//OmegaDevice.angle = 0 0 0 0 0 0

--- NEW SESSION: 08/07/2021 20:21:31 ---
//OmegaDevice.orientationTool = 0 0 0 1
//OmegaDevice.positionDevice = -0.0027323 -0.133423 0.0273878 0 0 0 1

--- NEW SESSION: 08/07/2021 20:53:49 ---
//OmegaDevice.positionBase = -0.79 0 0
//OmegaDevice.orientationBase = 0.17 0 0 1
//OmegaDevice.orientationTool = -0.14 0 0 1
//OmegaDevice.positionDevice = 0.0376458 -0.102515 0.0109404 1 1 1

--- NEW SESSION: 08/07/2021 21:10:12 ---
//Omega7.showColor = 1 1 1 1
//OmegaDevice.orientationBase = 0.43 0 0 1
//OmegaDevice.positionBase = 1.79 -0.06 0
//OmegaDevice.positionDevice = 1.84485 -0.1665 -0.0890429 0.43 0 0 1
//OmegaDevice.positionDevice = 1.84497 -0.166672 -0.0891765 0.43 0 0 1
//Omega7.showColor = 1 1 1 1

--- NEW SESSION: 08/07/2021 21:12:38 ---
//Omega7.showColor = 1 1 1 1

--- NEW SESSION: 08/07/2021 21:13:23 ---
//Omega7.showColor = 1 1 1 1

--- NEW SESSION: 08/07/2021 21:14:39 ---
//OmegaDevice.orientationBase = 0.01 -0.1 -0.03 1
//OmegaDevice.positionDevice = 0.0249441 -0.056408 -0.0215089 0.01 -0.1 -0.03 1
